2021-03-26T10:41:10+00:00 CRITICAL Uncaught Error: Call to undefined function dbDelta() in C:\laragon\www\wpecom\wp-content\plugins\show-message-on-dashboard\show-message-on-dashboard.php:76
Stack trace:
#0 C:\laragon\www\wpecom\wp-content\plugins\show-message-on-dashboard\show-message-on-dashboard.php(63): ShowMessageOnDashboard->save_datas_in_messages_table(Array)
#1 C:\laragon\www\wpecom\wp-includes\class-wp-hook.php(292): ShowMessageOnDashboard->load_message_dashboard_page('')
#2 C:\laragon\www\wpecom\wp-includes\class-wp-hook.php(316): WP_Hook->apply_filters('', Array)
#3 C:\laragon\www\wpecom\wp-includes\plugin.php(484): WP_Hook->do_action(Array)
#4 C:\laragon\www\wpecom\wp-admin\admin.php(259): do_action('toplevel_page_m...')
#5 {main}
  thrown dans C:\laragon\www\wpecom\wp-content\plugins\show-message-on-dashboard\show-message-on-dashboard.php à la ligne 76

2021-03-26T10:43:12+00:00 CRITICAL Uncaught Error: Call to undefined function wc_get_message() in C:\laragon\www\wpecom\wp-content\plugins\show-message-on-dashboard\show-message-on-dashboard.php:72
Stack trace:
#0 C:\laragon\www\wpecom\wp-content\plugins\show-message-on-dashboard\show-message-on-dashboard.php(63): ShowMessageOnDashboard->save_datas_in_messages_table(Array)
#1 C:\laragon\www\wpecom\wp-includes\class-wp-hook.php(292): ShowMessageOnDashboard->load_message_dashboard_page('')
#2 C:\laragon\www\wpecom\wp-includes\class-wp-hook.php(316): WP_Hook->apply_filters('', Array)
#3 C:\laragon\www\wpecom\wp-includes\plugin.php(484): WP_Hook->do_action(Array)
#4 C:\laragon\www\wpecom\wp-admin\admin.php(259): do_action('toplevel_page_m...')
#5 {main}
  thrown dans C:\laragon\www\wpecom\wp-content\plugins\show-message-on-dashboard\show-message-on-dashboard.php à la ligne 72

2021-03-26T10:43:29+00:00 CRITICAL Uncaught Error: Call to undefined function wc_get_message() in C:\laragon\www\wpecom\wp-content\plugins\show-message-on-dashboard\show-message-on-dashboard.php:72
Stack trace:
#0 C:\laragon\www\wpecom\wp-content\plugins\show-message-on-dashboard\show-message-on-dashboard.php(63): ShowMessageOnDashboard->save_datas_in_messages_table(Array)
#1 C:\laragon\www\wpecom\wp-includes\class-wp-hook.php(292): ShowMessageOnDashboard->load_message_dashboard_page('')
#2 C:\laragon\www\wpecom\wp-includes\class-wp-hook.php(316): WP_Hook->apply_filters('', Array)
#3 C:\laragon\www\wpecom\wp-includes\plugin.php(484): WP_Hook->do_action(Array)
#4 C:\laragon\www\wpecom\wp-admin\admin.php(259): do_action('toplevel_page_m...')
#5 {main}
  thrown dans C:\laragon\www\wpecom\wp-content\plugins\show-message-on-dashboard\show-message-on-dashboard.php à la ligne 72

2021-03-26T11:00:13+00:00 CRITICAL Uncaught Error: Call to a member function insert() on null in C:\laragon\www\wpecom\wp-content\plugins\show-message-on-dashboard\show-message-on-dashboard.php:72
Stack trace:
#0 C:\laragon\www\wpecom\wp-content\plugins\show-message-on-dashboard\show-message-on-dashboard.php(63): ShowMessageOnDashboard->save_datas_in_messages_table(Array)
#1 C:\laragon\www\wpecom\wp-includes\class-wp-hook.php(292): ShowMessageOnDashboard->load_message_dashboard_page('')
#2 C:\laragon\www\wpecom\wp-includes\class-wp-hook.php(316): WP_Hook->apply_filters('', Array)
#3 C:\laragon\www\wpecom\wp-includes\plugin.php(484): WP_Hook->do_action(Array)
#4 C:\laragon\www\wpecom\wp-admin\admin.php(259): do_action('toplevel_page_m...')
#5 {main}
  thrown dans C:\laragon\www\wpecom\wp-content\plugins\show-message-on-dashboard\show-message-on-dashboard.php à la ligne 72

2021-03-26T13:47:45+00:00 CRITICAL Uncaught Error: Call to a member function get_results() on null in C:\laragon\www\wpecom\wp-content\plugins\show-message-on-dashboard\show-message-on-dashboard.php:58
Stack trace:
#0 C:\laragon\www\wpecom\wp-includes\class-wp-hook.php(292): ShowMessageOnDashboard->load_message_dashboard_page('')
#1 C:\laragon\www\wpecom\wp-includes\class-wp-hook.php(316): WP_Hook->apply_filters('', Array)
#2 C:\laragon\www\wpecom\wp-includes\plugin.php(484): WP_Hook->do_action(Array)
#3 C:\laragon\www\wpecom\wp-admin\admin.php(259): do_action('toplevel_page_m...')
#4 {main}
  thrown dans C:\laragon\www\wpecom\wp-content\plugins\show-message-on-dashboard\show-message-on-dashboard.php à la ligne 58

